<?xml version="1.0" encoding="UTF-8"?>
<!-- Generated by org.testng.reporters.JUnitReportReporter -->
<testsuite hostname="Sangamesh123" failures="0" tests="1" name="Test.NumdicQaEngineerTest" time="14.552" errors="0" timestamp="2022-10-16T10:19:55 IST" skipped="0">
  <testcase classname="Test.NumdicQaEngineerTest" name="task" time="14.552"/>
  <system-out>
    <![CDATA[This website application link is verified and found its correct link in web page
This Header text is verified and found its Header Text is correct in web page
This page is verified and found its showing There are no available job positions that match your filters in web page
This QA engineer url is verified and found its correct url in web page
This page URL is verified and found its careers page]]>
  </system-out>
</testsuite> <!-- Test.NumdicQaEngineerTest -->
